<?xml version="1.0" encoding="UTF-8"?>
<testsuite xmlns:xsi="http://www.w3.org/2001/XMLSchema-instance" xsi:noNamespaceSchemaLocation="https://maven.apache.org/surefire/maven-surefire-plugin/xsd/surefire-test-report.xsd" name="ru.viktorshiyan.AppTest" time="0.078" tests="1" errors="0" skipped="0" failures="0">
  <properties>
    <property name="java.specification.version" value="14"/>
    <property name="sun.jnu.encoding" value="UTF-8"/>
    <property name="java.class.path" value="/home/viktorshiyan/IdeaProjects/aim_test/target/test-classes:/home/viktorshiyan/IdeaProjects/aim_test/target/classes:/home/viktorshiyan/.m2/repository/junit/junit/4.11/junit-4.11.jar:/home/viktorshiyan/.m2/repository/org/hamcrest/hamcrest-core/1.3/hamcrest-core-1.3.jar:"/>
    <property name="java.vm.vendor" value="Oracle Corporation"/>
    <property name="sun.arch.data.model" value="64"/>
    <property name="java.vendor.url" value="https://java.oracle.com/"/>
    <property name="os.name" value="Linux"/>
    <property name="java.vm.specification.version" value="14"/>
    <property name="sun.java.launcher" value="SUN_STANDARD"/>
    <property name="user.country" value="US"/>
    <property name="sun.boot.library.path" value="/usr/lib/jvm/jdk-14.0.1/lib"/>
    <property name="sun.java.command" value="/home/viktorshiyan/IdeaProjects/aim_test/target/surefire/surefirebooter15640768223541737260.jar /home/viktorshiyan/IdeaProjects/aim_test/target/surefire 2020-08-18T15-40-16_365-jvmRun1 surefire11072602517102537110tmp surefire_09798535391697024352tmp"/>
    <property name="jdk.debug" value="release"/>
    <property name="surefire.test.class.path" value="/home/viktorshiyan/IdeaProjects/aim_test/target/test-classes:/home/viktorshiyan/IdeaProjects/aim_test/target/classes:/home/viktorshiyan/.m2/repository/junit/junit/4.11/junit-4.11.jar:/home/viktorshiyan/.m2/repository/org/hamcrest/hamcrest-core/1.3/hamcrest-core-1.3.jar:"/>
    <property name="sun.cpu.endian" value="little"/>
    <property name="user.home" value="/home/viktorshiyan"/>
    <property name="user.language" value="en"/>
    <property name="java.specification.vendor" value="Oracle Corporation"/>
    <property name="java.version.date" value="2020-04-14"/>
    <property name="java.home" value="/usr/lib/jvm/jdk-14.0.1"/>
    <property name="file.separator" value="/"/>
    <property name="basedir" value="/home/viktorshiyan/IdeaProjects/aim_test"/>
    <property name="java.vm.compressedOopsMode" value="Zero based"/>
    <property name="line.separator" value="&#10;"/>
    <property name="java.vm.specification.vendor" value="Oracle Corporation"/>
    <property name="java.specification.name" value="Java Platform API Specification"/>
    <property name="surefire.real.class.path" value="/home/viktorshiyan/IdeaProjects/aim_test/target/surefire/surefirebooter15640768223541737260.jar"/>
    <property name="sun.management.compiler" value="HotSpot 64-Bit Tiered Compilers"/>
    <property name="java.runtime.version" value="14.0.1+7"/>
    <property name="user.name" value="viktorshiyan"/>
    <property name="path.separator" value=":"/>
    <property name="os.version" value="5.3.0-53-generic"/>
    <property name="java.runtime.name" value="Java(TM) SE Runtime Environment"/>
    <property name="file.encoding" value="UTF-8"/>
    <property name="java.vm.name" value="Java HotSpot(TM) 64-Bit Server VM"/>
    <property name="localRepository" value="/home/viktorshiyan/.m2/repository"/>
    <property name="java.vendor.url.bug" value="https://bugreport.java.com/bugreport/"/>
    <property name="java.io.tmpdir" value="/tmp"/>
    <property name="idea.version" value="2020.2"/>
    <property name="java.version" value="14.0.1"/>
    <property name="user.dir" value="/home/viktorshiyan/IdeaProjects/aim_test"/>
    <property name="os.arch" value="amd64"/>
    <property name="java.vm.specification.name" value="Java Virtual Machine Specification"/>
    <property name="java.library.path" value="/usr/java/packages/lib:/usr/lib64:/lib64:/lib:/usr/lib"/>
    <property name="java.vm.info" value="mixed mode, sharing"/>
    <property name="java.vendor" value="Oracle Corporation"/>
    <property name="java.vm.version" value="14.0.1+7"/>
    <property name="sun.io.unicode.encoding" value="UnicodeLittle"/>
    <property name="java.class.version" value="58.0"/>
  </properties>
  <testcase name="shouldAnswerWithTrue" classname="ru.viktorshiyan.AppTest" time="0.003"/>
</testsuite>